The system is: Windows - 10.0.22000 - AMD64
Compiling the C compiler identification source file "CMakeCCompilerId.c" succeeded.
Compiler: D:/mingw64/bin/gcc.exe 
Build flags: 
Id flags:  

The output was:
0


Compilation of the C compiler identification source "CMakeCCompilerId.c" produced "a.exe"

The C compiler identification is GNU, found in "E:/code/cpp/cmake-build-debug/CMakeFiles/3.23.2/CompilerIdC/a.exe"

Compiling the CXX compiler identification source file "CMakeCXXCompilerId.cpp" succeeded.
Compiler: D:/mingw64/bin/c++.exe 
Build flags: 
Id flags:  

The output was:
0


Compilation of the CXX compiler identification source "CMakeCXXCompilerId.cpp" produced "a.exe"

The CXX compiler identification is GNU, found in "E:/code/cpp/cmake-build-debug/CMakeFiles/3.23.2/CompilerIdCXX/a.exe"

Determining if the C compiler works passed with the following output:
Change Dir: E:/code/cpp/cmake-build-debug/CMakeFiles/CMakeTmp

Run Build Command(s):D:/Software/CLion 2022.2/bin/ninja/win/ninja.exe cmTC_577a3 && [1/2] Building C object CMakeFiles/cmTC_577a3.dir/testCCompiler.c.obj
[2/2] Linking C executable cmTC_577a3.exe
D:\mingw64\bin\objdump.exe: E:/code/cpp/cmake-build-debug/CMakeFiles/CMakeTmp/cmTC_577a3.exe: Invalid argument



Determining if the CXX compiler works passed with the following output:
Change Dir: E:/code/cpp/cmake-build-debug/CMakeFiles/CMakeTmp

Run Build Command(s):D:/Software/CLion 2022.2/bin/ninja/win/ninja.exe cmTC_20739 && [1/2] Building CXX object CMakeFiles/cmTC_20739.dir/testCXXCompiler.cxx.obj
[2/2] Linking CXX executable cmTC_20739.exe
D:\mingw64\bin\objdump.exe: E:/code/cpp/cmake-build-debug/CMakeFiles/CMakeTmp/cmTC_20739.exe: Invalid argument



